The system is: Darwin - 15.6.0 - x86_64
Compiling the C compiler identification source file "CMakeCCompilerId.c" succeeded.
Compiler: /Library/Developer/CommandLineTools/usr/bin/cc 
Build flags: 
Id flags: 

The output was:
0


Compilation of the C compiler identification source "CMakeCCompilerId.c" produced "a.out"

The C compiler identification is AppleClang, found in "/Users/xinyi/Developer/openface/OpenFace/CMakeFiles/3.4.1/CompilerIdC/a.out"

Compiling the CXX compiler identification source file "CMakeCXXCompilerId.cpp" succeeded.
Compiler: /Library/Developer/CommandLineTools/usr/bin/c++ 
Build flags: 
Id flags: 

The output was:
0


Compilation of the CXX compiler identification source "CMakeCXXCompilerId.cpp" produced "a.out"

The CXX compiler identification is AppleClang, found in "/Users/xinyi/Developer/openface/OpenFace/CMakeFiles/3.4.1/CompilerIdCXX/a.out"

Determining if the C compiler works passed with the following output:
Change Dir: /Users/xinyi/Developer/openface/OpenFace/CMakeFiles/CMakeTmp

Run Build Command:"/usr/bin/make" "cmTC_62924/fast"
/Library/Developer/CommandLineTools/usr/bin/make -f CMakeFiles/cmTC_62924.dir/build.make CMakeFiles/cmTC_62924.dir/build
Building C object CMakeFiles/cmTC_62924.dir/testCCompiler.c.o
/Library/Developer/CommandLineTools/usr/bin/cc     -o CMakeFiles/cmTC_62924.dir/testCCompiler.c.o   -c /Users/xinyi/Developer/openface/OpenFace/CMakeFiles/CMakeTmp/testCCompiler.c
Linking C executable cmTC_62924
/usr/local/Cellar/cmake/3.4.1/bin/cmake -E cmake_link_script CMakeFiles/cmTC_62924.dir/link.txt --verbose=1
/Library/Developer/CommandLineTools/usr/bin/cc    -Wl,-search_paths_first -Wl,-headerpad_max_install_names   CMakeFiles/cmTC_62924.dir/testCCompiler.c.o  -o cmTC_62924  


Detecting C compiler ABI info compiled with the following output:
Change Dir: /Users/xinyi/Developer/openface/OpenFace/CMakeFiles/CMakeTmp

Run Build Command:"/usr/bin/make" "cmTC_801d2/fast"
/Library/Developer/CommandLineTools/usr/bin/make -f CMakeFiles/cmTC_801d2.dir/build.make CMakeFiles/cmTC_801d2.dir/build
Building C object CMakeFiles/cmTC_801d2.dir/CMakeCCompilerABI.c.o
/Library/Developer/CommandLineTools/usr/bin/cc     -o CMakeFiles/cmTC_801d2.dir/CMakeCCompilerABI.c.o   -c /usr/local/Cellar/cmake/3.4.1/share/cmake/Modules/CMakeCCompilerABI.c
Linking C executable cmTC_801d2
/usr/local/Cellar/cmake/3.4.1/bin/cmake -E cmake_link_script CMakeFiles/cmTC_801d2.dir/link.txt --verbose=1
/Library/Developer/CommandLineTools/usr/bin/cc    -Wl,-search_paths_first -Wl,-headerpad_max_install_names  -v -Wl,-v CMakeFiles/cmTC_801d2.dir/CMakeCCompilerABI.c.o  -o cmTC_801d2   
Apple LLVM version 7.3.0 (clang-703.0.31)
Target: x86_64-apple-darwin15.6.0
Thread model: posix
InstalledDir: /Library/Developer/CommandLineTools/usr/bin
 "/Library/Developer/CommandLineTools/usr/bin/ld" -demangle -dynamic -arch x86_64 -macosx_version_min 10.11.0 -o cmTC_801d2 -search_paths_first -headerpad_max_install_names -v CMakeFiles/cmTC_801d2.dir/CMakeCCompilerABI.c.o -lSystem /Library/Developer/CommandLineTools/usr/bin/../lib/clang/7.3.0/lib/darwin/libclang_rt.osx.a
@(#)PROGRAM:ld  PROJECT:ld64-264.3.102
configured to support archs: armv6 armv7 armv7s arm64 i386 x86_64 x86_64h armv6m armv7k armv7m armv7em (tvOS)
Library search paths:
	/usr/lib
	/usr/local/lib
Framework search paths:
	/Library/Frameworks/
	/System/Library/Frameworks/


Parsed C implicit link information from above output:
  link line regex: [^( *|.*[/\])(ld|([^/\]+-)?ld|collect2)[^/\]*( |$)]
  ignore line: [Change Dir: /Users/xinyi/Developer/openface/OpenFace/CMakeFiles/CMakeTmp]
  ignore line: []
  ignore line: [Run Build Command:"/usr/bin/make" "cmTC_801d2/fast"]
  ignore line: [/Library/Developer/CommandLineTools/usr/bin/make -f CMakeFiles/cmTC_801d2.dir/build.make CMakeFiles/cmTC_801d2.dir/build]
  ignore line: [Building C object CMakeFiles/cmTC_801d2.dir/CMakeCCompilerABI.c.o]
  ignore line: [/Library/Developer/CommandLineTools/usr/bin/cc     -o CMakeFiles/cmTC_801d2.dir/CMakeCCompilerABI.c.o   -c /usr/local/Cellar/cmake/3.4.1/share/cmake/Modules/CMakeCCompilerABI.c]
  ignore line: [Linking C executable cmTC_801d2]
  ignore line: [/usr/local/Cellar/cmake/3.4.1/bin/cmake -E cmake_link_script CMakeFiles/cmTC_801d2.dir/link.txt --verbose=1]
  ignore line: [/Library/Developer/CommandLineTools/usr/bin/cc    -Wl,-search_paths_first -Wl,-headerpad_max_install_names  -v -Wl,-v CMakeFiles/cmTC_801d2.dir/CMakeCCompilerABI.c.o  -o cmTC_801d2   ]
  ignore line: [Apple LLVM version 7.3.0 (clang-703.0.31)]
  ignore line: [Target: x86_64-apple-darwin15.6.0]
  ignore line: [Thread model: posix]
  ignore line: [InstalledDir: /Library/Developer/CommandLineTools/usr/bin]
  link line: [ "/Library/Developer/CommandLineTools/usr/bin/ld" -demangle -dynamic -arch x86_64 -macosx_version_min 10.11.0 -o cmTC_801d2 -search_paths_first -headerpad_max_install_names -v CMakeFiles/cmTC_801d2.dir/CMakeCCompilerABI.c.o -lSystem /Library/Developer/CommandLineTools/usr/bin/../lib/clang/7.3.0/lib/darwin/libclang_rt.osx.a]
    arg [/Library/Developer/CommandLineTools/usr/bin/ld] ==> ignore
    arg [-demangle] ==> ignore
    arg [-dynamic] ==> ignore
    arg [-arch] ==> ignore
    arg [x86_64] ==> ignore
    arg [-macosx_version_min] ==> ignore
    arg [10.11.0] ==> ignore
    arg [-o] ==> ignore
    arg [cmTC_801d2] ==> ignore
    arg [-search_paths_first] ==> ignore
    arg [-headerpad_max_install_names] ==> ignore
    arg [-v] ==> ignore
    arg [CMakeFiles/cmTC_801d2.dir/CMakeCCompilerABI.c.o] ==> ignore
    arg [-lSystem] ==> lib [System]
    arg [/Library/Developer/CommandLineTools/usr/bin/../lib/clang/7.3.0/lib/darwin/libclang_rt.osx.a] ==> lib [/Library/Developer/CommandLineTools/usr/bin/../lib/clang/7.3.0/lib/darwin/libclang_rt.osx.a]
  Library search paths: [;/usr/lib;/usr/local/lib]
  Framework search paths: [;/Library/Frameworks/;/System/Library/Frameworks/]
  remove lib [System]
  collapse lib [/Library/Developer/CommandLineTools/usr/bin/../lib/clang/7.3.0/lib/darwin/libclang_rt.osx.a] ==> [/Library/Developer/CommandLineTools/usr/lib/clang/7.3.0/lib/darwin/libclang_rt.osx.a]
  collapse library dir [/usr/lib] ==> [/usr/lib]
  collapse library dir [/usr/local/lib] ==> [/usr/local/lib]
  collapse framework dir [/Library/Frameworks/] ==> [/Library/Frameworks]
  collapse framework dir [/System/Library/Frameworks/] ==> [/System/Library/Frameworks]
  implicit libs: [/Library/Developer/CommandLineTools/usr/lib/clang/7.3.0/lib/darwin/libclang_rt.osx.a]
  implicit dirs: [/usr/lib;/usr/local/lib]
  implicit fwks: [/Library/Frameworks;/System/Library/Frameworks]




Detecting C [-std=c11] compiler features compiled with the following output:
Change Dir: /Users/xinyi/Developer/openface/OpenFace/CMakeFiles/CMakeTmp

Run Build Command:"/usr/bin/make" "cmTC_308ef/fast"
/Library/Developer/CommandLineTools/usr/bin/make -f CMakeFiles/cmTC_308ef.dir/build.make CMakeFiles/cmTC_308ef.dir/build
Building C object CMakeFiles/cmTC_308ef.dir/feature_tests.c.o
/Library/Developer/CommandLineTools/usr/bin/cc    -std=c11 -o CMakeFiles/cmTC_308ef.dir/feature_tests.c.o   -c /Users/xinyi/Developer/openface/OpenFace/CMakeFiles/feature_tests.c
Linking C executable cmTC_308ef
/usr/local/Cellar/cmake/3.4.1/bin/cmake -E cmake_link_script CMakeFiles/cmTC_308ef.dir/link.txt --verbose=1
/Library/Developer/CommandLineTools/usr/bin/cc    -Wl,-search_paths_first -Wl,-headerpad_max_install_names   CMakeFiles/cmTC_308ef.dir/feature_tests.c.o  -o cmTC_308ef  


    Feature record: C_FEATURE:1c_function_prototypes
    Feature record: C_FEATURE:1c_restrict
    Feature record: C_FEATURE:1c_static_assert
    Feature record: C_FEATURE:1c_variadic_macros


Detecting C [-std=c99] compiler features compiled with the following output:
Change Dir: /Users/xinyi/Developer/openface/OpenFace/CMakeFiles/CMakeTmp

Run Build Command:"/usr/bin/make" "cmTC_a1089/fast"
/Library/Developer/CommandLineTools/usr/bin/make -f CMakeFiles/cmTC_a1089.dir/build.make CMakeFiles/cmTC_a1089.dir/build
Building C object CMakeFiles/cmTC_a1089.dir/feature_tests.c.o
/Library/Developer/CommandLineTools/usr/bin/cc    -std=c99 -o CMakeFiles/cmTC_a1089.dir/feature_tests.c.o   -c /Users/xinyi/Developer/openface/OpenFace/CMakeFiles/feature_tests.c
Linking C executable cmTC_a1089
/usr/local/Cellar/cmake/3.4.1/bin/cmake -E cmake_link_script CMakeFiles/cmTC_a1089.dir/link.txt --verbose=1
/Library/Developer/CommandLineTools/usr/bin/cc    -Wl,-search_paths_first -Wl,-headerpad_max_install_names   CMakeFiles/cmTC_a1089.dir/feature_tests.c.o  -o cmTC_a1089  


    Feature record: C_FEATURE:1c_function_prototypes
    Feature record: C_FEATURE:1c_restrict
    Feature record: C_FEATURE:0c_static_assert
    Feature record: C_FEATURE:1c_variadic_macros


Detecting C [-std=c90] compiler features compiled with the following output:
Change Dir: /Users/xinyi/Developer/openface/OpenFace/CMakeFiles/CMakeTmp

Run Build Command:"/usr/bin/make" "cmTC_40971/fast"
/Library/Developer/CommandLineTools/usr/bin/make -f CMakeFiles/cmTC_40971.dir/build.make CMakeFiles/cmTC_40971.dir/build
Building C object CMakeFiles/cmTC_40971.dir/feature_tests.c.o
/Library/Developer/CommandLineTools/usr/bin/cc    -std=c90 -o CMakeFiles/cmTC_40971.dir/feature_tests.c.o   -c /Users/xinyi/Developer/openface/OpenFace/CMakeFiles/feature_tests.c
Linking C executable cmTC_40971
/usr/local/Cellar/cmake/3.4.1/bin/cmake -E cmake_link_script CMakeFiles/cmTC_40971.dir/link.txt --verbose=1
/Library/Developer/CommandLineTools/usr/bin/cc    -Wl,-search_paths_first -Wl,-headerpad_max_install_names   CMakeFiles/cmTC_40971.dir/feature_tests.c.o  -o cmTC_40971  


    Feature record: C_FEATURE:1c_function_prototypes
    Feature record: C_FEATURE:0c_restrict
    Feature record: C_FEATURE:0c_static_assert
    Feature record: C_FEATURE:0c_variadic_macros
Determining if the CXX compiler works passed with the following output:
Change Dir: /Users/xinyi/Developer/openface/OpenFace/CMakeFiles/CMakeTmp

Run Build Command:"/usr/bin/make" "cmTC_c3ec8/fast"
/Library/Developer/CommandLineTools/usr/bin/make -f CMakeFiles/cmTC_c3ec8.dir/build.make CMakeFiles/cmTC_c3ec8.dir/build
Building CXX object CMakeFiles/cmTC_c3ec8.dir/testCXXCompiler.cxx.o
/Library/Developer/CommandLineTools/usr/bin/c++      -o CMakeFiles/cmTC_c3ec8.dir/testCXXCompiler.cxx.o -c /Users/xinyi/Developer/openface/OpenFace/CMakeFiles/CMakeTmp/testCXXCompiler.cxx
Linking CXX executable cmTC_c3ec8
/usr/local/Cellar/cmake/3.4.1/bin/cmake -E cmake_link_script CMakeFiles/cmTC_c3ec8.dir/link.txt --verbose=1
/Library/Developer/CommandLineTools/usr/bin/c++     -Wl,-search_paths_first -Wl,-headerpad_max_install_names   CMakeFiles/cmTC_c3ec8.dir/testCXXCompiler.cxx.o  -o cmTC_c3ec8  


Detecting CXX compiler ABI info compiled with the following output:
Change Dir: /Users/xinyi/Developer/openface/OpenFace/CMakeFiles/CMakeTmp

Run Build Command:"/usr/bin/make" "cmTC_24261/fast"
/Library/Developer/CommandLineTools/usr/bin/make -f CMakeFiles/cmTC_24261.dir/build.make CMakeFiles/cmTC_24261.dir/build
Building CXX object CMakeFiles/cmTC_24261.dir/CMakeCXXCompilerABI.cpp.o
/Library/Developer/CommandLineTools/usr/bin/c++      -o CMakeFiles/cmTC_24261.dir/CMakeCXXCompilerABI.cpp.o -c /usr/local/Cellar/cmake/3.4.1/share/cmake/Modules/CMakeCXXCompilerABI.cpp
Linking CXX executable cmTC_24261
/usr/local/Cellar/cmake/3.4.1/bin/cmake -E cmake_link_script CMakeFiles/cmTC_24261.dir/link.txt --verbose=1
/Library/Developer/CommandLineTools/usr/bin/c++     -Wl,-search_paths_first -Wl,-headerpad_max_install_names  -v -Wl,-v CMakeFiles/cmTC_24261.dir/CMakeCXXCompilerABI.cpp.o  -o cmTC_24261   
Apple LLVM version 7.3.0 (clang-703.0.31)
Target: x86_64-apple-darwin15.6.0
Thread model: posix
InstalledDir: /Library/Developer/CommandLineTools/usr/bin
 "/Library/Developer/CommandLineTools/usr/bin/ld" -demangle -dynamic -arch x86_64 -macosx_version_min 10.11.0 -o cmTC_24261 -search_paths_first -headerpad_max_install_names -v CMakeFiles/cmTC_24261.dir/CMakeCXXCompilerABI.cpp.o -lc++ -lSystem /Library/Developer/CommandLineTools/usr/bin/../lib/clang/7.3.0/lib/darwin/libclang_rt.osx.a
@(#)PROGRAM:ld  PROJECT:ld64-264.3.102
configured to support archs: armv6 armv7 armv7s arm64 i386 x86_64 x86_64h armv6m armv7k armv7m armv7em (tvOS)
Library search paths:
	/usr/lib
	/usr/local/lib
Framework search paths:
	/Library/Frameworks/
	/System/Library/Frameworks/


Parsed CXX implicit link information from above output:
  link line regex: [^( *|.*[/\])(ld|([^/\]+-)?ld|collect2)[^/\]*( |$)]
  ignore line: [Change Dir: /Users/xinyi/Developer/openface/OpenFace/CMakeFiles/CMakeTmp]
  ignore line: []
  ignore line: [Run Build Command:"/usr/bin/make" "cmTC_24261/fast"]
  ignore line: [/Library/Developer/CommandLineTools/usr/bin/make -f CMakeFiles/cmTC_24261.dir/build.make CMakeFiles/cmTC_24261.dir/build]
  ignore line: [Building CXX object CMakeFiles/cmTC_24261.dir/CMakeCXXCompilerABI.cpp.o]
  ignore line: [/Library/Developer/CommandLineTools/usr/bin/c++      -o CMakeFiles/cmTC_24261.dir/CMakeCXXCompilerABI.cpp.o -c /usr/local/Cellar/cmake/3.4.1/share/cmake/Modules/CMakeCXXCompilerABI.cpp]
  ignore line: [Linking CXX executable cmTC_24261]
  ignore line: [/usr/local/Cellar/cmake/3.4.1/bin/cmake -E cmake_link_script CMakeFiles/cmTC_24261.dir/link.txt --verbose=1]
  ignore line: [/Library/Developer/CommandLineTools/usr/bin/c++     -Wl,-search_paths_first -Wl,-headerpad_max_install_names  -v -Wl,-v CMakeFiles/cmTC_24261.dir/CMakeCXXCompilerABI.cpp.o  -o cmTC_24261   ]
  ignore line: [Apple LLVM version 7.3.0 (clang-703.0.31)]
  ignore line: [Target: x86_64-apple-darwin15.6.0]
  ignore line: [Thread model: posix]
  ignore line: [InstalledDir: /Library/Developer/CommandLineTools/usr/bin]
  link line: [ "/Library/Developer/CommandLineTools/usr/bin/ld" -demangle -dynamic -arch x86_64 -macosx_version_min 10.11.0 -o cmTC_24261 -search_paths_first -headerpad_max_install_names -v CMakeFiles/cmTC_24261.dir/CMakeCXXCompilerABI.cpp.o -lc++ -lSystem /Library/Developer/CommandLineTools/usr/bin/../lib/clang/7.3.0/lib/darwin/libclang_rt.osx.a]
    arg [/Library/Developer/CommandLineTools/usr/bin/ld] ==> ignore
    arg [-demangle] ==> ignore
    arg [-dynamic] ==> ignore
    arg [-arch] ==> ignore
    arg [x86_64] ==> ignore
    arg [-macosx_version_min] ==> ignore
    arg [10.11.0] ==> ignore
    arg [-o] ==> ignore
    arg [cmTC_24261] ==> ignore
    arg [-search_paths_first] ==> ignore
    arg [-headerpad_max_install_names] ==> ignore
    arg [-v] ==> ignore
    arg [CMakeFiles/cmTC_24261.dir/CMakeCXXCompilerABI.cpp.o] ==> ignore
    arg [-lc++] ==> lib [c++]
    arg [-lSystem] ==> lib [System]
    arg [/Library/Developer/CommandLineTools/usr/bin/../lib/clang/7.3.0/lib/darwin/libclang_rt.osx.a] ==> lib [/Library/Developer/CommandLineTools/usr/bin/../lib/clang/7.3.0/lib/darwin/libclang_rt.osx.a]
  Library search paths: [;/usr/lib;/usr/local/lib]
  Framework search paths: [;/Library/Frameworks/;/System/Library/Frameworks/]
  remove lib [System]
  collapse lib [/Library/Developer/CommandLineTools/usr/bin/../lib/clang/7.3.0/lib/darwin/libclang_rt.osx.a] ==> [/Library/Developer/CommandLineTools/usr/lib/clang/7.3.0/lib/darwin/libclang_rt.osx.a]
  collapse library dir [/usr/lib] ==> [/usr/lib]
  collapse library dir [/usr/local/lib] ==> [/usr/local/lib]
  collapse framework dir [/Library/Frameworks/] ==> [/Library/Frameworks]
  collapse framework dir [/System/Library/Frameworks/] ==> [/System/Library/Frameworks]
  implicit libs: [c++;/Library/Developer/CommandLineTools/usr/lib/clang/7.3.0/lib/darwin/libclang_rt.osx.a]
  implicit dirs: [/usr/lib;/usr/local/lib]
  implicit fwks: [/Library/Frameworks;/System/Library/Frameworks]




Detecting CXX [-std=c++14] compiler features compiled with the following output:
Change Dir: /Users/xinyi/Developer/openface/OpenFace/CMakeFiles/CMakeTmp

Run Build Command:"/usr/bin/make" "cmTC_97fd0/fast"
/Library/Developer/CommandLineTools/usr/bin/make -f CMakeFiles/cmTC_97fd0.dir/build.make CMakeFiles/cmTC_97fd0.dir/build
Building CXX object CMakeFiles/cmTC_97fd0.dir/feature_tests.cxx.o
/Library/Developer/CommandLineTools/usr/bin/c++     -std=c++14 -o CMakeFiles/cmTC_97fd0.dir/feature_tests.cxx.o -c /Users/xinyi/Developer/openface/OpenFace/CMakeFiles/feature_tests.cxx
Linking CXX executable cmTC_97fd0
/usr/local/Cellar/cmake/3.4.1/bin/cmake -E cmake_link_script CMakeFiles/cmTC_97fd0.dir/link.txt --verbose=1
/Library/Developer/CommandLineTools/usr/bin/c++     -Wl,-search_paths_first -Wl,-headerpad_max_install_names   CMakeFiles/cmTC_97fd0.dir/feature_tests.cxx.o  -o cmTC_97fd0  


    Feature record: CXX_FEATURE:1cxx_aggregate_default_initializers
    Feature record: CXX_FEATURE:1cxx_alias_templates
    Feature record: CXX_FEATURE:1cxx_alignas
    Feature record: CXX_FEATURE:1cxx_alignof
    Feature record: CXX_FEATURE:1cxx_attributes
    Feature record: CXX_FEATURE:1cxx_attribute_deprecated
    Feature record: CXX_FEATURE:1cxx_auto_type
    Feature record: CXX_FEATURE:1cxx_binary_literals
    Feature record: CXX_FEATURE:1cxx_constexpr
    Feature record: CXX_FEATURE:1cxx_contextual_conversions
    Feature record: CXX_FEATURE:1cxx_decltype
    Feature record: CXX_FEATURE:1cxx_decltype_auto
    Feature record: CXX_FEATURE:1cxx_decltype_incomplete_return_types
    Feature record: CXX_FEATURE:1cxx_default_function_template_args
    Feature record: CXX_FEATURE:1cxx_defaulted_functions
    Feature record: CXX_FEATURE:1cxx_defaulted_move_initializers
    Feature record: CXX_FEATURE:1cxx_delegating_constructors
    Feature record: CXX_FEATURE:1cxx_deleted_functions
    Feature record: CXX_FEATURE:1cxx_digit_separators
    Feature record: CXX_FEATURE:1cxx_enum_forward_declarations
    Feature record: CXX_FEATURE:1cxx_explicit_conversions
    Feature record: CXX_FEATURE:1cxx_extended_friend_declarations
    Feature record: CXX_FEATURE:1cxx_extern_templates
    Feature record: CXX_FEATURE:1cxx_final
    Feature record: CXX_FEATURE:1cxx_func_identifier
    Feature record: CXX_FEATURE:1cxx_generalized_initializers
    Feature record: CXX_FEATURE:1cxx_generic_lambdas
    Feature record: CXX_FEATURE:1cxx_inheriting_constructors
    Feature record: CXX_FEATURE:1cxx_inline_namespaces
    Feature record: CXX_FEATURE:1cxx_lambdas
    Feature record: CXX_FEATURE:1cxx_lambda_init_captures
    Feature record: CXX_FEATURE:1cxx_local_type_template_args
    Feature record: CXX_FEATURE:1cxx_long_long_type
    Feature record: CXX_FEATURE:1cxx_noexcept
    Feature record: CXX_FEATURE:1cxx_nonstatic_member_init
    Feature record: CXX_FEATURE:1cxx_nullptr
    Feature record: CXX_FEATURE:1cxx_override
    Feature record: CXX_FEATURE:1cxx_range_for
    Feature record: CXX_FEATURE:1cxx_raw_string_literals
    Feature record: CXX_FEATURE:1cxx_reference_qualified_functions
    Feature record: CXX_FEATURE:1cxx_relaxed_constexpr
    Feature record: CXX_FEATURE:1cxx_return_type_deduction
    Feature record: CXX_FEATURE:1cxx_right_angle_brackets
    Feature record: CXX_FEATURE:1cxx_rvalue_references
    Feature record: CXX_FEATURE:1cxx_sizeof_member
    Feature record: CXX_FEATURE:1cxx_static_assert
    Feature record: CXX_FEATURE:1cxx_strong_enums
    Feature record: CXX_FEATURE:1cxx_template_template_parameters
    Feature record: CXX_FEATURE:0cxx_thread_local
    Feature record: CXX_FEATURE:1cxx_trailing_return_types
    Feature record: CXX_FEATURE:1cxx_unicode_literals
    Feature record: CXX_FEATURE:1cxx_uniform_initialization
    Feature record: CXX_FEATURE:1cxx_unrestricted_unions
    Feature record: CXX_FEATURE:1cxx_user_literals
    Feature record: CXX_FEATURE:1cxx_variable_templates
    Feature record: CXX_FEATURE:1cxx_variadic_macros
    Feature record: CXX_FEATURE:1cxx_variadic_templates


Detecting CXX [-std=c++11] compiler features compiled with the following output:
Change Dir: /Users/xinyi/Developer/openface/OpenFace/CMakeFiles/CMakeTmp

Run Build Command:"/usr/bin/make" "cmTC_930c1/fast"
/Library/Developer/CommandLineTools/usr/bin/make -f CMakeFiles/cmTC_930c1.dir/build.make CMakeFiles/cmTC_930c1.dir/build
Building CXX object CMakeFiles/cmTC_930c1.dir/feature_tests.cxx.o
/Library/Developer/CommandLineTools/usr/bin/c++     -std=c++11 -o CMakeFiles/cmTC_930c1.dir/feature_tests.cxx.o -c /Users/xinyi/Developer/openface/OpenFace/CMakeFiles/feature_tests.cxx
Linking CXX executable cmTC_930c1
/usr/local/Cellar/cmake/3.4.1/bin/cmake -E cmake_link_script CMakeFiles/cmTC_930c1.dir/link.txt --verbose=1
/Library/Developer/CommandLineTools/usr/bin/c++     -Wl,-search_paths_first -Wl,-headerpad_max_install_names   CMakeFiles/cmTC_930c1.dir/feature_tests.cxx.o  -o cmTC_930c1  


    Feature record: CXX_FEATURE:0cxx_aggregate_default_initializers
    Feature record: CXX_FEATURE:1cxx_alias_templates
    Feature record: CXX_FEATURE:1cxx_alignas
    Feature record: CXX_FEATURE:1cxx_alignof
    Feature record: CXX_FEATURE:1cxx_attributes
    Feature record: CXX_FEATURE:0cxx_attribute_deprecated
    Feature record: CXX_FEATURE:1cxx_auto_type
    Feature record: CXX_FEATURE:0cxx_binary_literals
    Feature record: CXX_FEATURE:1cxx_constexpr
    Feature record: CXX_FEATURE:0cxx_contextual_conversions
    Feature record: CXX_FEATURE:1cxx_decltype
    Feature record: CXX_FEATURE:0cxx_decltype_auto
    Feature record: CXX_FEATURE:1cxx_decltype_incomplete_return_types
    Feature record: CXX_FEATURE:1cxx_default_function_template_args
    Feature record: CXX_FEATURE:1cxx_defaulted_functions
    Feature record: CXX_FEATURE:1cxx_defaulted_move_initializers
    Feature record: CXX_FEATURE:1cxx_delegating_constructors
    Feature record: CXX_FEATURE:1cxx_deleted_functions
    Feature record: CXX_FEATURE:0cxx_digit_separators
    Feature record: CXX_FEATURE:1cxx_enum_forward_declarations
    Feature record: CXX_FEATURE:1cxx_explicit_conversions
    Feature record: CXX_FEATURE:1cxx_extended_friend_declarations
    Feature record: CXX_FEATURE:1cxx_extern_templates
    Feature record: CXX_FEATURE:1cxx_final
    Feature record: CXX_FEATURE:1cxx_func_identifier
    Feature record: CXX_FEATURE:1cxx_generalized_initializers
    Feature record: CXX_FEATURE:0cxx_generic_lambdas
    Feature record: CXX_FEATURE:1cxx_inheriting_constructors
    Feature record: CXX_FEATURE:1cxx_inline_namespaces
    Feature record: CXX_FEATURE:1cxx_lambdas
    Feature record: CXX_FEATURE:0cxx_lambda_init_captures
    Feature record: CXX_FEATURE:1cxx_local_type_template_args
    Feature record: CXX_FEATURE:1cxx_long_long_type
    Feature record: CXX_FEATURE:1cxx_noexcept
    Feature record: CXX_FEATURE:1cxx_nonstatic_member_init
    Feature record: CXX_FEATURE:1cxx_nullptr
    Feature record: CXX_FEATURE:1cxx_override
    Feature record: CXX_FEATURE:1cxx_range_for
    Feature record: CXX_FEATURE:1cxx_raw_string_literals
    Feature record: CXX_FEATURE:1cxx_reference_qualified_functions
    Feature record: CXX_FEATURE:0cxx_relaxed_constexpr
    Feature record: CXX_FEATURE:0cxx_return_type_deduction
    Feature record: CXX_FEATURE:1cxx_right_angle_brackets
    Feature record: CXX_FEATURE:1cxx_rvalue_references
    Feature record: CXX_FEATURE:1cxx_sizeof_member
    Feature record: CXX_FEATURE:1cxx_static_assert
    Feature record: CXX_FEATURE:1cxx_strong_enums
    Feature record: CXX_FEATURE:1cxx_template_template_parameters
    Feature record: CXX_FEATURE:0cxx_thread_local
    Feature record: CXX_FEATURE:1cxx_trailing_return_types
    Feature record: CXX_FEATURE:1cxx_unicode_literals
    Feature record: CXX_FEATURE:1cxx_uniform_initialization
    Feature record: CXX_FEATURE:1cxx_unrestricted_unions
    Feature record: CXX_FEATURE:1cxx_user_literals
    Feature record: CXX_FEATURE:0cxx_variable_templates
    Feature record: CXX_FEATURE:1cxx_variadic_macros
    Feature record: CXX_FEATURE:1cxx_variadic_templates


Detecting CXX [-std=c++98] compiler features compiled with the following output:
Change Dir: /Users/xinyi/Developer/openface/OpenFace/CMakeFiles/CMakeTmp

Run Build Command:"/usr/bin/make" "cmTC_b1f93/fast"
/Library/Developer/CommandLineTools/usr/bin/make -f CMakeFiles/cmTC_b1f93.dir/build.make CMakeFiles/cmTC_b1f93.dir/build
Building CXX object CMakeFiles/cmTC_b1f93.dir/feature_tests.cxx.o
/Library/Developer/CommandLineTools/usr/bin/c++     -std=c++98 -o CMakeFiles/cmTC_b1f93.dir/feature_tests.cxx.o -c /Users/xinyi/Developer/openface/OpenFace/CMakeFiles/feature_tests.cxx
Linking CXX executable cmTC_b1f93
/usr/local/Cellar/cmake/3.4.1/bin/cmake -E cmake_link_script CMakeFiles/cmTC_b1f93.dir/link.txt --verbose=1
/Library/Developer/CommandLineTools/usr/bin/c++     -Wl,-search_paths_first -Wl,-headerpad_max_install_names   CMakeFiles/cmTC_b1f93.dir/feature_tests.cxx.o  -o cmTC_b1f93  


    Feature record: CXX_FEATURE:0cxx_aggregate_default_initializers
    Feature record: CXX_FEATURE:0cxx_alias_templates
    Feature record: CXX_FEATURE:0cxx_alignas
    Feature record: CXX_FEATURE:0cxx_alignof
    Feature record: CXX_FEATURE:0cxx_attributes
    Feature record: CXX_FEATURE:0cxx_attribute_deprecated
    Feature record: CXX_FEATURE:0cxx_auto_type
    Feature record: CXX_FEATURE:0cxx_binary_literals
    Feature record: CXX_FEATURE:0cxx_constexpr
    Feature record: CXX_FEATURE:0cxx_contextual_conversions
    Feature record: CXX_FEATURE:0cxx_decltype
    Feature record: CXX_FEATURE:0cxx_decltype_auto
    Feature record: CXX_FEATURE:0cxx_decltype_incomplete_return_types
    Feature record: CXX_FEATURE:0cxx_default_function_template_args
    Feature record: CXX_FEATURE:0cxx_defaulted_functions
    Feature record: CXX_FEATURE:0cxx_defaulted_move_initializers
    Feature record: CXX_FEATURE:0cxx_delegating_constructors
    Feature record: CXX_FEATURE:0cxx_deleted_functions
    Feature record: CXX_FEATURE:0cxx_digit_separators
    Feature record: CXX_FEATURE:0cxx_enum_forward_declarations
    Feature record: CXX_FEATURE:0cxx_explicit_conversions
    Feature record: CXX_FEATURE:0cxx_extended_friend_declarations
    Feature record: CXX_FEATURE:0cxx_extern_templates
    Feature record: CXX_FEATURE:0cxx_final
    Feature record: CXX_FEATURE:0cxx_func_identifier
    Feature record: CXX_FEATURE:0cxx_generalized_initializers
    Feature record: CXX_FEATURE:0cxx_generic_lambdas
    Feature record: CXX_FEATURE:0cxx_inheriting_constructors
    Feature record: CXX_FEATURE:0cxx_inline_namespaces
    Feature record: CXX_FEATURE:0cxx_lambdas
    Feature record: CXX_FEATURE:0cxx_lambda_init_captures
    Feature record: CXX_FEATURE:0cxx_local_type_template_args
    Feature record: CXX_FEATURE:0cxx_long_long_type
    Feature record: CXX_FEATURE:0cxx_noexcept
    Feature record: CXX_FEATURE:0cxx_nonstatic_member_init
    Feature record: CXX_FEATURE:0cxx_nullptr
    Feature record: CXX_FEATURE:0cxx_override
    Feature record: CXX_FEATURE:0cxx_range_for
    Feature record: CXX_FEATURE:0cxx_raw_string_literals
    Feature record: CXX_FEATURE:0cxx_reference_qualified_functions
    Feature record: CXX_FEATURE:0cxx_relaxed_constexpr
    Feature record: CXX_FEATURE:0cxx_return_type_deduction
    Feature record: CXX_FEATURE:0cxx_right_angle_brackets
    Feature record: CXX_FEATURE:0cxx_rvalue_references
    Feature record: CXX_FEATURE:0cxx_sizeof_member
    Feature record: CXX_FEATURE:0cxx_static_assert
    Feature record: CXX_FEATURE:0cxx_strong_enums
    Feature record: CXX_FEATURE:1cxx_template_template_parameters
    Feature record: CXX_FEATURE:0cxx_thread_local
    Feature record: CXX_FEATURE:0cxx_trailing_return_types
    Feature record: CXX_FEATURE:0cxx_unicode_literals
    Feature record: CXX_FEATURE:0cxx_uniform_initialization
    Feature record: CXX_FEATURE:0cxx_unrestricted_unions
    Feature record: CXX_FEATURE:0cxx_user_literals
    Feature record: CXX_FEATURE:0cxx_variable_templates
    Feature record: CXX_FEATURE:0cxx_variadic_macros
    Feature record: CXX_FEATURE:0cxx_variadic_templates
Determining if the function XOpenDisplay exists in the /usr/X11R6/lib/libX11.dylib;/usr/X11R6/lib/libXext.dylib passed with the following output:
Change Dir: /Users/xinyi/Developer/openface/OpenFace/CMakeFiles/CMakeTmp

Run Build Command:"/usr/bin/make" "cmTC_249d5/fast"
/Library/Developer/CommandLineTools/usr/bin/make -f CMakeFiles/cmTC_249d5.dir/build.make CMakeFiles/cmTC_249d5.dir/build
Building C object CMakeFiles/cmTC_249d5.dir/CheckFunctionExists.c.o
/Library/Developer/CommandLineTools/usr/bin/cc    -DCHECK_FUNCTION_EXISTS=XOpenDisplay   -o CMakeFiles/cmTC_249d5.dir/CheckFunctionExists.c.o   -c /usr/local/Cellar/cmake/3.4.1/share/cmake/Modules/CheckFunctionExists.c
Linking C executable cmTC_249d5
/usr/local/Cellar/cmake/3.4.1/bin/cmake -E cmake_link_script CMakeFiles/cmTC_249d5.dir/link.txt --verbose=1
/Library/Developer/CommandLineTools/usr/bin/cc   -DCHECK_FUNCTION_EXISTS=XOpenDisplay -Wl,-search_paths_first -Wl,-headerpad_max_install_names   CMakeFiles/cmTC_249d5.dir/CheckFunctionExists.c.o  -o cmTC_249d5  -L/usr/X11R6/lib  /usr/X11R6/lib/libX11.dylib /usr/X11R6/lib/libXext.dylib -Wl,-rpath,/usr/X11R6/lib 


Determining if the function gethostbyname exists passed with the following output:
Change Dir: /Users/xinyi/Developer/openface/OpenFace/CMakeFiles/CMakeTmp

Run Build Command:"/usr/bin/make" "cmTC_46802/fast"
/Library/Developer/CommandLineTools/usr/bin/make -f CMakeFiles/cmTC_46802.dir/build.make CMakeFiles/cmTC_46802.dir/build
Building C object CMakeFiles/cmTC_46802.dir/CheckFunctionExists.c.o
/Library/Developer/CommandLineTools/usr/bin/cc    -DCHECK_FUNCTION_EXISTS=gethostbyname   -o CMakeFiles/cmTC_46802.dir/CheckFunctionExists.c.o   -c /usr/local/Cellar/cmake/3.4.1/share/cmake/Modules/CheckFunctionExists.c
Linking C executable cmTC_46802
/usr/local/Cellar/cmake/3.4.1/bin/cmake -E cmake_link_script CMakeFiles/cmTC_46802.dir/link.txt --verbose=1
/Library/Developer/CommandLineTools/usr/bin/cc   -DCHECK_FUNCTION_EXISTS=gethostbyname -Wl,-search_paths_first -Wl,-headerpad_max_install_names   CMakeFiles/cmTC_46802.dir/CheckFunctionExists.c.o  -o cmTC_46802  


Determining if the function connect exists passed with the following output:
Change Dir: /Users/xinyi/Developer/openface/OpenFace/CMakeFiles/CMakeTmp

Run Build Command:"/usr/bin/make" "cmTC_6b035/fast"
/Library/Developer/CommandLineTools/usr/bin/make -f CMakeFiles/cmTC_6b035.dir/build.make CMakeFiles/cmTC_6b035.dir/build
Building C object CMakeFiles/cmTC_6b035.dir/CheckFunctionExists.c.o
/Library/Developer/CommandLineTools/usr/bin/cc    -DCHECK_FUNCTION_EXISTS=connect   -o CMakeFiles/cmTC_6b035.dir/CheckFunctionExists.c.o   -c /usr/local/Cellar/cmake/3.4.1/share/cmake/Modules/CheckFunctionExists.c
Linking C executable cmTC_6b035
/usr/local/Cellar/cmake/3.4.1/bin/cmake -E cmake_link_script CMakeFiles/cmTC_6b035.dir/link.txt --verbose=1
/Library/Developer/CommandLineTools/usr/bin/cc   -DCHECK_FUNCTION_EXISTS=connect -Wl,-search_paths_first -Wl,-headerpad_max_install_names   CMakeFiles/cmTC_6b035.dir/CheckFunctionExists.c.o  -o cmTC_6b035  


Determining if the function remove exists passed with the following output:
Change Dir: /Users/xinyi/Developer/openface/OpenFace/CMakeFiles/CMakeTmp

Run Build Command:"/usr/bin/make" "cmTC_a7eab/fast"
/Library/Developer/CommandLineTools/usr/bin/make -f CMakeFiles/cmTC_a7eab.dir/build.make CMakeFiles/cmTC_a7eab.dir/build
Building C object CMakeFiles/cmTC_a7eab.dir/CheckFunctionExists.c.o
/Library/Developer/CommandLineTools/usr/bin/cc    -DCHECK_FUNCTION_EXISTS=remove   -o CMakeFiles/cmTC_a7eab.dir/CheckFunctionExists.c.o   -c /usr/local/Cellar/cmake/3.4.1/share/cmake/Modules/CheckFunctionExists.c
Linking C executable cmTC_a7eab
/usr/local/Cellar/cmake/3.4.1/bin/cmake -E cmake_link_script CMakeFiles/cmTC_a7eab.dir/link.txt --verbose=1
/Library/Developer/CommandLineTools/usr/bin/cc   -DCHECK_FUNCTION_EXISTS=remove -Wl,-search_paths_first -Wl,-headerpad_max_install_names   CMakeFiles/cmTC_a7eab.dir/CheckFunctionExists.c.o  -o cmTC_a7eab  


Determining if the function shmat exists passed with the following output:
Change Dir: /Users/xinyi/Developer/openface/OpenFace/CMakeFiles/CMakeTmp

Run Build Command:"/usr/bin/make" "cmTC_ac292/fast"
/Library/Developer/CommandLineTools/usr/bin/make -f CMakeFiles/cmTC_ac292.dir/build.make CMakeFiles/cmTC_ac292.dir/build
Building C object CMakeFiles/cmTC_ac292.dir/CheckFunctionExists.c.o
/Library/Developer/CommandLineTools/usr/bin/cc    -DCHECK_FUNCTION_EXISTS=shmat   -o CMakeFiles/cmTC_ac292.dir/CheckFunctionExists.c.o   -c /usr/local/Cellar/cmake/3.4.1/share/cmake/Modules/CheckFunctionExists.c
Linking C executable cmTC_ac292
/usr/local/Cellar/cmake/3.4.1/bin/cmake -E cmake_link_script CMakeFiles/cmTC_ac292.dir/link.txt --verbose=1
/Library/Developer/CommandLineTools/usr/bin/cc   -DCHECK_FUNCTION_EXISTS=shmat -Wl,-search_paths_first -Wl,-headerpad_max_install_names   CMakeFiles/cmTC_ac292.dir/CheckFunctionExists.c.o  -o cmTC_ac292  


Determining if the function IceConnectionNumber exists in the ICE passed with the following output:
Change Dir: /Users/xinyi/Developer/openface/OpenFace/CMakeFiles/CMakeTmp

Run Build Command:"/usr/bin/make" "cmTC_432f4/fast"
/Library/Developer/CommandLineTools/usr/bin/make -f CMakeFiles/cmTC_432f4.dir/build.make CMakeFiles/cmTC_432f4.dir/build
Building C object CMakeFiles/cmTC_432f4.dir/CheckFunctionExists.c.o
/Library/Developer/CommandLineTools/usr/bin/cc    -DCHECK_FUNCTION_EXISTS=IceConnectionNumber   -o CMakeFiles/cmTC_432f4.dir/CheckFunctionExists.c.o   -c /usr/local/Cellar/cmake/3.4.1/share/cmake/Modules/CheckFunctionExists.c
Linking C executable cmTC_432f4
/usr/local/Cellar/cmake/3.4.1/bin/cmake -E cmake_link_script CMakeFiles/cmTC_432f4.dir/link.txt --verbose=1
/Library/Developer/CommandLineTools/usr/bin/cc   -DCHECK_FUNCTION_EXISTS=IceConnectionNumber -Wl,-search_paths_first -Wl,-headerpad_max_install_names   CMakeFiles/cmTC_432f4.dir/CheckFunctionExists.c.o  -o cmTC_432f4  -L/usr/X11R6/lib  -lICE -Wl,-rpath,/usr/X11R6/lib 


Determining if the include file sys/types.h exists passed with the following output:
Change Dir: /Users/xinyi/Developer/openface/OpenFace/CMakeFiles/CMakeTmp

Run Build Command:"/usr/bin/make" "cmTC_f2ed2/fast"
/Library/Developer/CommandLineTools/usr/bin/make -f CMakeFiles/cmTC_f2ed2.dir/build.make CMakeFiles/cmTC_f2ed2.dir/build
Building C object CMakeFiles/cmTC_f2ed2.dir/CheckIncludeFile.c.o
/Library/Developer/CommandLineTools/usr/bin/cc     -o CMakeFiles/cmTC_f2ed2.dir/CheckIncludeFile.c.o   -c /Users/xinyi/Developer/openface/OpenFace/CMakeFiles/CMakeTmp/CheckIncludeFile.c
Linking C executable cmTC_f2ed2
/usr/local/Cellar/cmake/3.4.1/bin/cmake -E cmake_link_script CMakeFiles/cmTC_f2ed2.dir/link.txt --verbose=1
/Library/Developer/CommandLineTools/usr/bin/cc    -Wl,-search_paths_first -Wl,-headerpad_max_install_names   CMakeFiles/cmTC_f2ed2.dir/CheckIncludeFile.c.o  -o cmTC_f2ed2  


Determining if the include file stdint.h exists passed with the following output:
Change Dir: /Users/xinyi/Developer/openface/OpenFace/CMakeFiles/CMakeTmp

Run Build Command:"/usr/bin/make" "cmTC_febe0/fast"
/Library/Developer/CommandLineTools/usr/bin/make -f CMakeFiles/cmTC_febe0.dir/build.make CMakeFiles/cmTC_febe0.dir/build
Building C object CMakeFiles/cmTC_febe0.dir/CheckIncludeFile.c.o
/Library/Developer/CommandLineTools/usr/bin/cc     -o CMakeFiles/cmTC_febe0.dir/CheckIncludeFile.c.o   -c /Users/xinyi/Developer/openface/OpenFace/CMakeFiles/CMakeTmp/CheckIncludeFile.c
Linking C executable cmTC_febe0
/usr/local/Cellar/cmake/3.4.1/bin/cmake -E cmake_link_script CMakeFiles/cmTC_febe0.dir/link.txt --verbose=1
/Library/Developer/CommandLineTools/usr/bin/cc    -Wl,-search_paths_first -Wl,-headerpad_max_install_names   CMakeFiles/cmTC_febe0.dir/CheckIncludeFile.c.o  -o cmTC_febe0  


Determining if the include file stddef.h exists passed with the following output:
Change Dir: /Users/xinyi/Developer/openface/OpenFace/CMakeFiles/CMakeTmp

Run Build Command:"/usr/bin/make" "cmTC_60ca4/fast"
/Library/Developer/CommandLineTools/usr/bin/make -f CMakeFiles/cmTC_60ca4.dir/build.make CMakeFiles/cmTC_60ca4.dir/build
Building C object CMakeFiles/cmTC_60ca4.dir/CheckIncludeFile.c.o
/Library/Developer/CommandLineTools/usr/bin/cc     -o CMakeFiles/cmTC_60ca4.dir/CheckIncludeFile.c.o   -c /Users/xinyi/Developer/openface/OpenFace/CMakeFiles/CMakeTmp/CheckIncludeFile.c
Linking C executable cmTC_60ca4
/usr/local/Cellar/cmake/3.4.1/bin/cmake -E cmake_link_script CMakeFiles/cmTC_60ca4.dir/link.txt --verbose=1
/Library/Developer/CommandLineTools/usr/bin/cc    -Wl,-search_paths_first -Wl,-headerpad_max_install_names   CMakeFiles/cmTC_60ca4.dir/CheckIncludeFile.c.o  -o cmTC_60ca4  


Determining size of void* passed with the following output:
Change Dir: /Users/xinyi/Developer/openface/OpenFace/CMakeFiles/CMakeTmp

Run Build Command:"/usr/bin/make" "cmTC_d5cbe/fast"
/Library/Developer/CommandLineTools/usr/bin/make -f CMakeFiles/cmTC_d5cbe.dir/build.make CMakeFiles/cmTC_d5cbe.dir/build
Building C object CMakeFiles/cmTC_d5cbe.dir/SIZE_OF_VOID_PTR.c.o
/Library/Developer/CommandLineTools/usr/bin/cc     -o CMakeFiles/cmTC_d5cbe.dir/SIZE_OF_VOID_PTR.c.o   -c /Users/xinyi/Developer/openface/OpenFace/CMakeFiles/CheckTypeSize/SIZE_OF_VOID_PTR.c
Linking C executable cmTC_d5cbe
/usr/local/Cellar/cmake/3.4.1/bin/cmake -E cmake_link_script CMakeFiles/cmTC_d5cbe.dir/link.txt --verbose=1
/Library/Developer/CommandLineTools/usr/bin/cc    -Wl,-search_paths_first -Wl,-headerpad_max_install_names   CMakeFiles/cmTC_d5cbe.dir/SIZE_OF_VOID_PTR.c.o  -o cmTC_d5cbe  


Determining if the CXX compiler has std namespace passed with the following output:
Change Dir: /Users/xinyi/Developer/openface/OpenFace/CMakeFiles/CMakeTmp

Run Build Command:"/usr/bin/make" "cmTC_97e65/fast"
/Library/Developer/CommandLineTools/usr/bin/make -f CMakeFiles/cmTC_97e65.dir/build.make CMakeFiles/cmTC_97e65.dir/build
Building CXX object CMakeFiles/cmTC_97e65.dir/TestForSTDNamespace.cxx.o
/Library/Developer/CommandLineTools/usr/bin/c++     -std=c++11 -msse -msse2 -msse3    -o CMakeFiles/cmTC_97e65.dir/TestForSTDNamespace.cxx.o -c /usr/local/Cellar/cmake/3.4.1/share/cmake/Modules/TestForSTDNamespace.cxx
Linking CXX executable cmTC_97e65
/usr/local/Cellar/cmake/3.4.1/bin/cmake -E cmake_link_script CMakeFiles/cmTC_97e65.dir/link.txt --verbose=1
/Library/Developer/CommandLineTools/usr/bin/c++    -std=c++11 -msse -msse2 -msse3  -Wl,-search_paths_first -Wl,-headerpad_max_install_names   CMakeFiles/cmTC_97e65.dir/TestForSTDNamespace.cxx.o  -o cmTC_97e65  


Determining if the include file iostream exists passed with the following output:
Change Dir: /Users/xinyi/Developer/openface/OpenFace/CMakeFiles/CMakeTmp

Run Build Command:"/usr/bin/make" "cmTC_4957c/fast"
/Library/Developer/CommandLineTools/usr/bin/make -f CMakeFiles/cmTC_4957c.dir/build.make CMakeFiles/cmTC_4957c.dir/build
Building CXX object CMakeFiles/cmTC_4957c.dir/CheckIncludeFile.cxx.o
/Library/Developer/CommandLineTools/usr/bin/c++     -std=c++11 -msse -msse2 -msse3    -o CMakeFiles/cmTC_4957c.dir/CheckIncludeFile.cxx.o -c /Users/xinyi/Developer/openface/OpenFace/CMakeFiles/CMakeTmp/CheckIncludeFile.cxx
Linking CXX executable cmTC_4957c
/usr/local/Cellar/cmake/3.4.1/bin/cmake -E cmake_link_script CMakeFiles/cmTC_4957c.dir/link.txt --verbose=1
/Library/Developer/CommandLineTools/usr/bin/c++    -std=c++11 -msse -msse2 -msse3  -Wl,-search_paths_first -Wl,-headerpad_max_install_names   CMakeFiles/cmTC_4957c.dir/CheckIncludeFile.cxx.o  -o cmTC_4957c  


Compiling the C compiler identification source file "CMakeCCompilerId.c" succeeded.
Compiler: /Library/Developer/CommandLineTools/usr/bin/cc 
Build flags: 
Id flags: 

The output was:
0


Compilation of the C compiler identification source "CMakeCCompilerId.c" produced "a.out"

The C compiler identification is AppleClang, found in "/Users/xinyi/Developer/openface/OpenFace/CMakeFiles/3.4.1/CompilerIdC/a.out"

Compiling the CXX compiler identification source file "CMakeCXXCompilerId.cpp" succeeded.
Compiler: /Library/Developer/CommandLineTools/usr/bin/c++ 
Build flags: ;-std=c++11;-msse;-msse2;-msse3;-DDLIB_PNG_SUPPORT;-DDLIB_JPEG_SUPPORT;-DDLIB_USE_BLAS;-DDLIB_USE_LAPACK
Id flags: 

The output was:
0


Compilation of the CXX compiler identification source "CMakeCXXCompilerId.cpp" produced "a.out"

The CXX compiler identification is AppleClang, found in "/Users/xinyi/Developer/openface/OpenFace/CMakeFiles/3.4.1/CompilerIdCXX/a.out"

Determining if the C compiler works passed with the following output:
Change Dir: /Users/xinyi/Developer/openface/OpenFace/CMakeFiles/CMakeTmp

Run Build Command:"/usr/bin/make" "cmTC_78633/fast"
/Library/Developer/CommandLineTools/usr/bin/make -f CMakeFiles/cmTC_78633.dir/build.make CMakeFiles/cmTC_78633.dir/build
Building C object CMakeFiles/cmTC_78633.dir/testCCompiler.c.o
/Library/Developer/CommandLineTools/usr/bin/cc     -o CMakeFiles/cmTC_78633.dir/testCCompiler.c.o   -c /Users/xinyi/Developer/openface/OpenFace/CMakeFiles/CMakeTmp/testCCompiler.c
Linking C executable cmTC_78633
/usr/local/Cellar/cmake/3.4.1/bin/cmake -E cmake_link_script CMakeFiles/cmTC_78633.dir/link.txt --verbose=1
/Library/Developer/CommandLineTools/usr/bin/cc    -Wl,-search_paths_first -Wl,-headerpad_max_install_names   CMakeFiles/cmTC_78633.dir/testCCompiler.c.o  -o cmTC_78633  


Detecting C compiler ABI info compiled with the following output:
Change Dir: /Users/xinyi/Developer/openface/OpenFace/CMakeFiles/CMakeTmp

Run Build Command:"/usr/bin/make" "cmTC_fcea9/fast"
/Library/Developer/CommandLineTools/usr/bin/make -f CMakeFiles/cmTC_fcea9.dir/build.make CMakeFiles/cmTC_fcea9.dir/build
Building C object CMakeFiles/cmTC_fcea9.dir/CMakeCCompilerABI.c.o
/Library/Developer/CommandLineTools/usr/bin/cc     -o CMakeFiles/cmTC_fcea9.dir/CMakeCCompilerABI.c.o   -c /usr/local/Cellar/cmake/3.4.1/share/cmake/Modules/CMakeCCompilerABI.c
Linking C executable cmTC_fcea9
/usr/local/Cellar/cmake/3.4.1/bin/cmake -E cmake_link_script CMakeFiles/cmTC_fcea9.dir/link.txt --verbose=1
/Library/Developer/CommandLineTools/usr/bin/cc    -Wl,-search_paths_first -Wl,-headerpad_max_install_names  -v -Wl,-v CMakeFiles/cmTC_fcea9.dir/CMakeCCompilerABI.c.o  -o cmTC_fcea9   
Apple LLVM version 8.1.0 (clang-802.0.38)
Target: x86_64-apple-darwin16.0.0
Thread model: posix
InstalledDir: /Library/Developer/CommandLineTools/usr/bin
 "/Library/Developer/CommandLineTools/usr/bin/ld" -demangle -lto_library /Library/Developer/CommandLineTools/usr/lib/libLTO.dylib -dynamic -arch x86_64 -macosx_version_min 10.12.0 -o cmTC_fcea9 -search_paths_first -headerpad_max_install_names -v CMakeFiles/cmTC_fcea9.dir/CMakeCCompilerABI.c.o -lSystem /Library/Developer/CommandLineTools/usr/bin/../lib/clang/8.1.0/lib/darwin/libclang_rt.osx.a
@(#)PROGRAM:ld  PROJECT:ld64-278.4
configured to support archs: armv6 armv7 armv7s arm64 i386 x86_64 x86_64h armv6m armv7k armv7m armv7em (tvOS)
Library search paths:
	/usr/lib
	/usr/local/lib
Framework search paths:
	/Library/Frameworks/
	/System/Library/Frameworks/


Parsed C implicit link information from above output:
  link line regex: [^( *|.*[/\])(ld|([^/\]+-)?ld|collect2)[^/\]*( |$)]
  ignore line: [Change Dir: /Users/xinyi/Developer/openface/OpenFace/CMakeFiles/CMakeTmp]
  ignore line: []
  ignore line: [Run Build Command:"/usr/bin/make" "cmTC_fcea9/fast"]
  ignore line: [/Library/Developer/CommandLineTools/usr/bin/make -f CMakeFiles/cmTC_fcea9.dir/build.make CMakeFiles/cmTC_fcea9.dir/build]
  ignore line: [Building C object CMakeFiles/cmTC_fcea9.dir/CMakeCCompilerABI.c.o]
  ignore line: [/Library/Developer/CommandLineTools/usr/bin/cc     -o CMakeFiles/cmTC_fcea9.dir/CMakeCCompilerABI.c.o   -c /usr/local/Cellar/cmake/3.4.1/share/cmake/Modules/CMakeCCompilerABI.c]
  ignore line: [Linking C executable cmTC_fcea9]
  ignore line: [/usr/local/Cellar/cmake/3.4.1/bin/cmake -E cmake_link_script CMakeFiles/cmTC_fcea9.dir/link.txt --verbose=1]
  ignore line: [/Library/Developer/CommandLineTools/usr/bin/cc    -Wl,-search_paths_first -Wl,-headerpad_max_install_names  -v -Wl,-v CMakeFiles/cmTC_fcea9.dir/CMakeCCompilerABI.c.o  -o cmTC_fcea9   ]
  ignore line: [Apple LLVM version 8.1.0 (clang-802.0.38)]
  ignore line: [Target: x86_64-apple-darwin16.0.0]
  ignore line: [Thread model: posix]
  ignore line: [InstalledDir: /Library/Developer/CommandLineTools/usr/bin]
  link line: [ "/Library/Developer/CommandLineTools/usr/bin/ld" -demangle -lto_library /Library/Developer/CommandLineTools/usr/lib/libLTO.dylib -dynamic -arch x86_64 -macosx_version_min 10.12.0 -o cmTC_fcea9 -search_paths_first -headerpad_max_install_names -v CMakeFiles/cmTC_fcea9.dir/CMakeCCompilerABI.c.o -lSystem /Library/Developer/CommandLineTools/usr/bin/../lib/clang/8.1.0/lib/darwin/libclang_rt.osx.a]
    arg [/Library/Developer/CommandLineTools/usr/bin/ld] ==> ignore
    arg [-demangle] ==> ignore
    arg [-lto_library] ==> lib [to_library]
    arg [/Library/Developer/CommandLineTools/usr/lib/libLTO.dylib] ==> ignore
    arg [-dynamic] ==> ignore
    arg [-arch] ==> ignore
    arg [x86_64] ==> ignore
    arg [-macosx_version_min] ==> ignore
    arg [10.12.0] ==> ignore
    arg [-o] ==> ignore
    arg [cmTC_fcea9] ==> ignore
    arg [-search_paths_first] ==> ignore
    arg [-headerpad_max_install_names] ==> ignore
    arg [-v] ==> ignore
    arg [CMakeFiles/cmTC_fcea9.dir/CMakeCCompilerABI.c.o] ==> ignore
    arg [-lSystem] ==> lib [System]
    arg [/Library/Developer/CommandLineTools/usr/bin/../lib/clang/8.1.0/lib/darwin/libclang_rt.osx.a] ==> lib [/Library/Developer/CommandLineTools/usr/bin/../lib/clang/8.1.0/lib/darwin/libclang_rt.osx.a]
  Library search paths: [;/usr/lib;/usr/local/lib]
  Framework search paths: [;/Library/Frameworks/;/System/Library/Frameworks/]
  remove lib [System]
  collapse lib [/Library/Developer/CommandLineTools/usr/bin/../lib/clang/8.1.0/lib/darwin/libclang_rt.osx.a] ==> [/Library/Developer/CommandLineTools/usr/lib/clang/8.1.0/lib/darwin/libclang_rt.osx.a]
  collapse library dir [/usr/lib] ==> [/usr/lib]
  collapse library dir [/usr/local/lib] ==> [/usr/local/lib]
  collapse framework dir [/Library/Frameworks/] ==> [/Library/Frameworks]
  collapse framework dir [/System/Library/Frameworks/] ==> [/System/Library/Frameworks]
  implicit libs: [to_library;/Library/Developer/CommandLineTools/usr/lib/clang/8.1.0/lib/darwin/libclang_rt.osx.a]
  implicit dirs: [/usr/lib;/usr/local/lib]
  implicit fwks: [/Library/Frameworks;/System/Library/Frameworks]




Detecting C [-std=c11] compiler features compiled with the following output:
Change Dir: /Users/xinyi/Developer/openface/OpenFace/CMakeFiles/CMakeTmp

Run Build Command:"/usr/bin/make" "cmTC_7d491/fast"
/Library/Developer/CommandLineTools/usr/bin/make -f CMakeFiles/cmTC_7d491.dir/build.make CMakeFiles/cmTC_7d491.dir/build
Building C object CMakeFiles/cmTC_7d491.dir/feature_tests.c.o
/Library/Developer/CommandLineTools/usr/bin/cc    -std=c11 -o CMakeFiles/cmTC_7d491.dir/feature_tests.c.o   -c /Users/xinyi/Developer/openface/OpenFace/CMakeFiles/feature_tests.c
Linking C executable cmTC_7d491
/usr/local/Cellar/cmake/3.4.1/bin/cmake -E cmake_link_script CMakeFiles/cmTC_7d491.dir/link.txt --verbose=1
/Library/Developer/CommandLineTools/usr/bin/cc    -Wl,-search_paths_first -Wl,-headerpad_max_install_names   CMakeFiles/cmTC_7d491.dir/feature_tests.c.o  -o cmTC_7d491  


    Feature record: C_FEATURE:1c_function_prototypes
    Feature record: C_FEATURE:1c_restrict
    Feature record: C_FEATURE:1c_static_assert
    Feature record: C_FEATURE:1c_variadic_macros


Detecting C [-std=c99] compiler features compiled with the following output:
Change Dir: /Users/xinyi/Developer/openface/OpenFace/CMakeFiles/CMakeTmp

Run Build Command:"/usr/bin/make" "cmTC_d1694/fast"
/Library/Developer/CommandLineTools/usr/bin/make -f CMakeFiles/cmTC_d1694.dir/build.make CMakeFiles/cmTC_d1694.dir/build
Building C object CMakeFiles/cmTC_d1694.dir/feature_tests.c.o
/Library/Developer/CommandLineTools/usr/bin/cc    -std=c99 -o CMakeFiles/cmTC_d1694.dir/feature_tests.c.o   -c /Users/xinyi/Developer/openface/OpenFace/CMakeFiles/feature_tests.c
Linking C executable cmTC_d1694
/usr/local/Cellar/cmake/3.4.1/bin/cmake -E cmake_link_script CMakeFiles/cmTC_d1694.dir/link.txt --verbose=1
/Library/Developer/CommandLineTools/usr/bin/cc    -Wl,-search_paths_first -Wl,-headerpad_max_install_names   CMakeFiles/cmTC_d1694.dir/feature_tests.c.o  -o cmTC_d1694  


    Feature record: C_FEATURE:1c_function_prototypes
    Feature record: C_FEATURE:1c_restrict
    Feature record: C_FEATURE:0c_static_assert
    Feature record: C_FEATURE:1c_variadic_macros


Detecting C [-std=c90] compiler features compiled with the following output:
Change Dir: /Users/xinyi/Developer/openface/OpenFace/CMakeFiles/CMakeTmp

Run Build Command:"/usr/bin/make" "cmTC_2a23a/fast"
/Library/Developer/CommandLineTools/usr/bin/make -f CMakeFiles/cmTC_2a23a.dir/build.make CMakeFiles/cmTC_2a23a.dir/build
Building C object CMakeFiles/cmTC_2a23a.dir/feature_tests.c.o
/Library/Developer/CommandLineTools/usr/bin/cc    -std=c90 -o CMakeFiles/cmTC_2a23a.dir/feature_tests.c.o   -c /Users/xinyi/Developer/openface/OpenFace/CMakeFiles/feature_tests.c
Linking C executable cmTC_2a23a
/usr/local/Cellar/cmake/3.4.1/bin/cmake -E cmake_link_script CMakeFiles/cmTC_2a23a.dir/link.txt --verbose=1
/Library/Developer/CommandLineTools/usr/bin/cc    -Wl,-search_paths_first -Wl,-headerpad_max_install_names   CMakeFiles/cmTC_2a23a.dir/feature_tests.c.o  -o cmTC_2a23a  


    Feature record: C_FEATURE:1c_function_prototypes
    Feature record: C_FEATURE:0c_restrict
    Feature record: C_FEATURE:0c_static_assert
    Feature record: C_FEATURE:0c_variadic_macros
Determining if the CXX compiler works passed with the following output:
Change Dir: /Users/xinyi/Developer/openface/OpenFace/CMakeFiles/CMakeTmp

Run Build Command:"/usr/bin/make" "cmTC_eafee/fast"
/Library/Developer/CommandLineTools/usr/bin/make -f CMakeFiles/cmTC_eafee.dir/build.make CMakeFiles/cmTC_eafee.dir/build
Building CXX object CMakeFiles/cmTC_eafee.dir/testCXXCompiler.cxx.o
/Library/Developer/CommandLineTools/usr/bin/c++     -std=c++11 -msse -msse2 -msse3 -DDLIB_PNG_SUPPORT -DDLIB_JPEG_SUPPORT -DDLIB_USE_BLAS -DDLIB_USE_LAPACK    -o CMakeFiles/cmTC_eafee.dir/testCXXCompiler.cxx.o -c /Users/xinyi/Developer/openface/OpenFace/CMakeFiles/CMakeTmp/testCXXCompiler.cxx
Linking CXX executable cmTC_eafee
/usr/local/Cellar/cmake/3.4.1/bin/cmake -E cmake_link_script CMakeFiles/cmTC_eafee.dir/link.txt --verbose=1
/Library/Developer/CommandLineTools/usr/bin/c++    -std=c++11 -msse -msse2 -msse3 -DDLIB_PNG_SUPPORT -DDLIB_JPEG_SUPPORT -DDLIB_USE_BLAS -DDLIB_USE_LAPACK  -Wl,-search_paths_first -Wl,-headerpad_max_install_names   CMakeFiles/cmTC_eafee.dir/testCXXCompiler.cxx.o  -o cmTC_eafee  


Detecting CXX compiler ABI info compiled with the following output:
Change Dir: /Users/xinyi/Developer/openface/OpenFace/CMakeFiles/CMakeTmp

Run Build Command:"/usr/bin/make" "cmTC_d1a46/fast"
/Library/Developer/CommandLineTools/usr/bin/make -f CMakeFiles/cmTC_d1a46.dir/build.make CMakeFiles/cmTC_d1a46.dir/build
Building CXX object CMakeFiles/cmTC_d1a46.dir/CMakeCXXCompilerABI.cpp.o
/Library/Developer/CommandLineTools/usr/bin/c++     -std=c++11 -msse -msse2 -msse3 -DDLIB_PNG_SUPPORT -DDLIB_JPEG_SUPPORT -DDLIB_USE_BLAS -DDLIB_USE_LAPACK    -o CMakeFiles/cmTC_d1a46.dir/CMakeCXXCompilerABI.cpp.o -c /usr/local/Cellar/cmake/3.4.1/share/cmake/Modules/CMakeCXXCompilerABI.cpp
Linking CXX executable cmTC_d1a46
/usr/local/Cellar/cmake/3.4.1/bin/cmake -E cmake_link_script CMakeFiles/cmTC_d1a46.dir/link.txt --verbose=1
/Library/Developer/CommandLineTools/usr/bin/c++    -std=c++11 -msse -msse2 -msse3 -DDLIB_PNG_SUPPORT -DDLIB_JPEG_SUPPORT -DDLIB_USE_BLAS -DDLIB_USE_LAPACK  -Wl,-search_paths_first -Wl,-headerpad_max_install_names  -v -Wl,-v CMakeFiles/cmTC_d1a46.dir/CMakeCXXCompilerABI.cpp.o  -o cmTC_d1a46   
Apple LLVM version 8.1.0 (clang-802.0.38)
Target: x86_64-apple-darwin16.0.0
Thread model: posix
InstalledDir: /Library/Developer/CommandLineTools/usr/bin
 "/Library/Developer/CommandLineTools/usr/bin/ld" -demangle -lto_library /Library/Developer/CommandLineTools/usr/lib/libLTO.dylib -dynamic -arch x86_64 -macosx_version_min 10.12.0 -o cmTC_d1a46 -search_paths_first -headerpad_max_install_names -v CMakeFiles/cmTC_d1a46.dir/CMakeCXXCompilerABI.cpp.o -lc++ -lSystem /Library/Developer/CommandLineTools/usr/bin/../lib/clang/8.1.0/lib/darwin/libclang_rt.osx.a
@(#)PROGRAM:ld  PROJECT:ld64-278.4
configured to support archs: armv6 armv7 armv7s arm64 i386 x86_64 x86_64h armv6m armv7k armv7m armv7em (tvOS)
Library search paths:
	/usr/lib
	/usr/local/lib
Framework search paths:
	/Library/Frameworks/
	/System/Library/Frameworks/


Parsed CXX implicit link information from above output:
  link line regex: [^( *|.*[/\])(ld|([^/\]+-)?ld|collect2)[^/\]*( |$)]
  ignore line: [Change Dir: /Users/xinyi/Developer/openface/OpenFace/CMakeFiles/CMakeTmp]
  ignore line: []
  ignore line: [Run Build Command:"/usr/bin/make" "cmTC_d1a46/fast"]
  ignore line: [/Library/Developer/CommandLineTools/usr/bin/make -f CMakeFiles/cmTC_d1a46.dir/build.make CMakeFiles/cmTC_d1a46.dir/build]
  ignore line: [Building CXX object CMakeFiles/cmTC_d1a46.dir/CMakeCXXCompilerABI.cpp.o]
  ignore line: [/Library/Developer/CommandLineTools/usr/bin/c++     -std=c++11 -msse -msse2 -msse3 -DDLIB_PNG_SUPPORT -DDLIB_JPEG_SUPPORT -DDLIB_USE_BLAS -DDLIB_USE_LAPACK    -o CMakeFiles/cmTC_d1a46.dir/CMakeCXXCompilerABI.cpp.o -c /usr/local/Cellar/cmake/3.4.1/share/cmake/Modules/CMakeCXXCompilerABI.cpp]
  ignore line: [Linking CXX executable cmTC_d1a46]
  ignore line: [/usr/local/Cellar/cmake/3.4.1/bin/cmake -E cmake_link_script CMakeFiles/cmTC_d1a46.dir/link.txt --verbose=1]
  ignore line: [/Library/Developer/CommandLineTools/usr/bin/c++    -std=c++11 -msse -msse2 -msse3 -DDLIB_PNG_SUPPORT -DDLIB_JPEG_SUPPORT -DDLIB_USE_BLAS -DDLIB_USE_LAPACK  -Wl,-search_paths_first -Wl,-headerpad_max_install_names  -v -Wl,-v CMakeFiles/cmTC_d1a46.dir/CMakeCXXCompilerABI.cpp.o  -o cmTC_d1a46   ]
  ignore line: [Apple LLVM version 8.1.0 (clang-802.0.38)]
  ignore line: [Target: x86_64-apple-darwin16.0.0]
  ignore line: [Thread model: posix]
  ignore line: [InstalledDir: /Library/Developer/CommandLineTools/usr/bin]
  link line: [ "/Library/Developer/CommandLineTools/usr/bin/ld" -demangle -lto_library /Library/Developer/CommandLineTools/usr/lib/libLTO.dylib -dynamic -arch x86_64 -macosx_version_min 10.12.0 -o cmTC_d1a46 -search_paths_first -headerpad_max_install_names -v CMakeFiles/cmTC_d1a46.dir/CMakeCXXCompilerABI.cpp.o -lc++ -lSystem /Library/Developer/CommandLineTools/usr/bin/../lib/clang/8.1.0/lib/darwin/libclang_rt.osx.a]
    arg [/Library/Developer/CommandLineTools/usr/bin/ld] ==> ignore
    arg [-demangle] ==> ignore
    arg [-lto_library] ==> lib [to_library]
    arg [/Library/Developer/CommandLineTools/usr/lib/libLTO.dylib] ==> ignore
    arg [-dynamic] ==> ignore
    arg [-arch] ==> ignore
    arg [x86_64] ==> ignore
    arg [-macosx_version_min] ==> ignore
    arg [10.12.0] ==> ignore
    arg [-o] ==> ignore
    arg [cmTC_d1a46] ==> ignore
    arg [-search_paths_first] ==> ignore
    arg [-headerpad_max_install_names] ==> ignore
    arg [-v] ==> ignore
    arg [CMakeFiles/cmTC_d1a46.dir/CMakeCXXCompilerABI.cpp.o] ==> ignore
    arg [-lc++] ==> lib [c++]
    arg [-lSystem] ==> lib [System]
    arg [/Library/Developer/CommandLineTools/usr/bin/../lib/clang/8.1.0/lib/darwin/libclang_rt.osx.a] ==> lib [/Library/Developer/CommandLineTools/usr/bin/../lib/clang/8.1.0/lib/darwin/libclang_rt.osx.a]
  Library search paths: [;/usr/lib;/usr/local/lib]
  Framework search paths: [;/Library/Frameworks/;/System/Library/Frameworks/]
  remove lib [System]
  collapse lib [/Library/Developer/CommandLineTools/usr/bin/../lib/clang/8.1.0/lib/darwin/libclang_rt.osx.a] ==> [/Library/Developer/CommandLineTools/usr/lib/clang/8.1.0/lib/darwin/libclang_rt.osx.a]
  collapse library dir [/usr/lib] ==> [/usr/lib]
  collapse library dir [/usr/local/lib] ==> [/usr/local/lib]
  collapse framework dir [/Library/Frameworks/] ==> [/Library/Frameworks]
  collapse framework dir [/System/Library/Frameworks/] ==> [/System/Library/Frameworks]
  implicit libs: [to_library;c++;/Library/Developer/CommandLineTools/usr/lib/clang/8.1.0/lib/darwin/libclang_rt.osx.a]
  implicit dirs: [/usr/lib;/usr/local/lib]
  implicit fwks: [/Library/Frameworks;/System/Library/Frameworks]




Detecting CXX [-std=c++14] compiler features compiled with the following output:
Change Dir: /Users/xinyi/Developer/openface/OpenFace/CMakeFiles/CMakeTmp

Run Build Command:"/usr/bin/make" "cmTC_b58ab/fast"
/Library/Developer/CommandLineTools/usr/bin/make -f CMakeFiles/cmTC_b58ab.dir/build.make CMakeFiles/cmTC_b58ab.dir/build
Building CXX object CMakeFiles/cmTC_b58ab.dir/feature_tests.cxx.o
/Library/Developer/CommandLineTools/usr/bin/c++     -std=c++11 -msse -msse2 -msse3 -DDLIB_PNG_SUPPORT -DDLIB_JPEG_SUPPORT -DDLIB_USE_BLAS -DDLIB_USE_LAPACK    -std=c++14 -o CMakeFiles/cmTC_b58ab.dir/feature_tests.cxx.o -c /Users/xinyi/Developer/openface/OpenFace/CMakeFiles/feature_tests.cxx
Linking CXX executable cmTC_b58ab
/usr/local/Cellar/cmake/3.4.1/bin/cmake -E cmake_link_script CMakeFiles/cmTC_b58ab.dir/link.txt --verbose=1
/Library/Developer/CommandLineTools/usr/bin/c++    -std=c++11 -msse -msse2 -msse3 -DDLIB_PNG_SUPPORT -DDLIB_JPEG_SUPPORT -DDLIB_USE_BLAS -DDLIB_USE_LAPACK  -Wl,-search_paths_first -Wl,-headerpad_max_install_names   CMakeFiles/cmTC_b58ab.dir/feature_tests.cxx.o  -o cmTC_b58ab  


    Feature record: CXX_FEATURE:1cxx_aggregate_default_initializers
    Feature record: CXX_FEATURE:1cxx_alias_templates
    Feature record: CXX_FEATURE:1cxx_alignas
    Feature record: CXX_FEATURE:1cxx_alignof
    Feature record: CXX_FEATURE:1cxx_attributes
    Feature record: CXX_FEATURE:1cxx_attribute_deprecated
    Feature record: CXX_FEATURE:1cxx_auto_type
    Feature record: CXX_FEATURE:1cxx_binary_literals
    Feature record: CXX_FEATURE:1cxx_constexpr
    Feature record: CXX_FEATURE:1cxx_contextual_conversions
    Feature record: CXX_FEATURE:1cxx_decltype
    Feature record: CXX_FEATURE:1cxx_decltype_auto
    Feature record: CXX_FEATURE:1cxx_decltype_incomplete_return_types
    Feature record: CXX_FEATURE:1cxx_default_function_template_args
    Feature record: CXX_FEATURE:1cxx_defaulted_functions
    Feature record: CXX_FEATURE:1cxx_defaulted_move_initializers
    Feature record: CXX_FEATURE:1cxx_delegating_constructors
    Feature record: CXX_FEATURE:1cxx_deleted_functions
    Feature record: CXX_FEATURE:1cxx_digit_separators
    Feature record: CXX_FEATURE:1cxx_enum_forward_declarations
    Feature record: CXX_FEATURE:1cxx_explicit_conversions
    Feature record: CXX_FEATURE:1cxx_extended_friend_declarations
    Feature record: CXX_FEATURE:1cxx_extern_templates
    Feature record: CXX_FEATURE:1cxx_final
    Feature record: CXX_FEATURE:1cxx_func_identifier
    Feature record: CXX_FEATURE:1cxx_generalized_initializers
    Feature record: CXX_FEATURE:1cxx_generic_lambdas
    Feature record: CXX_FEATURE:1cxx_inheriting_constructors
    Feature record: CXX_FEATURE:1cxx_inline_namespaces
    Feature record: CXX_FEATURE:1cxx_lambdas
    Feature record: CXX_FEATURE:1cxx_lambda_init_captures
    Feature record: CXX_FEATURE:1cxx_local_type_template_args
    Feature record: CXX_FEATURE:1cxx_long_long_type
    Feature record: CXX_FEATURE:1cxx_noexcept
    Feature record: CXX_FEATURE:1cxx_nonstatic_member_init
    Feature record: CXX_FEATURE:1cxx_nullptr
    Feature record: CXX_FEATURE:1cxx_override
    Feature record: CXX_FEATURE:1cxx_range_for
    Feature record: CXX_FEATURE:1cxx_raw_string_literals
    Feature record: CXX_FEATURE:1cxx_reference_qualified_functions
    Feature record: CXX_FEATURE:1cxx_relaxed_constexpr
    Feature record: CXX_FEATURE:1cxx_return_type_deduction
    Feature record: CXX_FEATURE:1cxx_right_angle_brackets
    Feature record: CXX_FEATURE:1cxx_rvalue_references
    Feature record: CXX_FEATURE:1cxx_sizeof_member
    Feature record: CXX_FEATURE:1cxx_static_assert
    Feature record: CXX_FEATURE:1cxx_strong_enums
    Feature record: CXX_FEATURE:1cxx_template_template_parameters
    Feature record: CXX_FEATURE:1cxx_thread_local
    Feature record: CXX_FEATURE:1cxx_trailing_return_types
    Feature record: CXX_FEATURE:1cxx_unicode_literals
    Feature record: CXX_FEATURE:1cxx_uniform_initialization
    Feature record: CXX_FEATURE:1cxx_unrestricted_unions
    Feature record: CXX_FEATURE:1cxx_user_literals
    Feature record: CXX_FEATURE:1cxx_variable_templates
    Feature record: CXX_FEATURE:1cxx_variadic_macros
    Feature record: CXX_FEATURE:1cxx_variadic_templates


Detecting CXX [-std=c++11] compiler features compiled with the following output:
Change Dir: /Users/xinyi/Developer/openface/OpenFace/CMakeFiles/CMakeTmp

Run Build Command:"/usr/bin/make" "cmTC_588fb/fast"
/Library/Developer/CommandLineTools/usr/bin/make -f CMakeFiles/cmTC_588fb.dir/build.make CMakeFiles/cmTC_588fb.dir/build
Building CXX object CMakeFiles/cmTC_588fb.dir/feature_tests.cxx.o
/Library/Developer/CommandLineTools/usr/bin/c++     -std=c++11 -msse -msse2 -msse3 -DDLIB_PNG_SUPPORT -DDLIB_JPEG_SUPPORT -DDLIB_USE_BLAS -DDLIB_USE_LAPACK    -std=c++11 -o CMakeFiles/cmTC_588fb.dir/feature_tests.cxx.o -c /Users/xinyi/Developer/openface/OpenFace/CMakeFiles/feature_tests.cxx
Linking CXX executable cmTC_588fb
/usr/local/Cellar/cmake/3.4.1/bin/cmake -E cmake_link_script CMakeFiles/cmTC_588fb.dir/link.txt --verbose=1
/Library/Developer/CommandLineTools/usr/bin/c++    -std=c++11 -msse -msse2 -msse3 -DDLIB_PNG_SUPPORT -DDLIB_JPEG_SUPPORT -DDLIB_USE_BLAS -DDLIB_USE_LAPACK  -Wl,-search_paths_first -Wl,-headerpad_max_install_names   CMakeFiles/cmTC_588fb.dir/feature_tests.cxx.o  -o cmTC_588fb  


    Feature record: CXX_FEATURE:0cxx_aggregate_default_initializers
    Feature record: CXX_FEATURE:1cxx_alias_templates
    Feature record: CXX_FEATURE:1cxx_alignas
    Feature record: CXX_FEATURE:1cxx_alignof
    Feature record: CXX_FEATURE:1cxx_attributes
    Feature record: CXX_FEATURE:0cxx_attribute_deprecated
    Feature record: CXX_FEATURE:1cxx_auto_type
    Feature record: CXX_FEATURE:0cxx_binary_literals
    Feature record: CXX_FEATURE:1cxx_constexpr
    Feature record: CXX_FEATURE:0cxx_contextual_conversions
    Feature record: CXX_FEATURE:1cxx_decltype
    Feature record: CXX_FEATURE:0cxx_decltype_auto
    Feature record: CXX_FEATURE:1cxx_decltype_incomplete_return_types
    Feature record: CXX_FEATURE:1cxx_default_function_template_args
    Feature record: CXX_FEATURE:1cxx_defaulted_functions
    Feature record: CXX_FEATURE:1cxx_defaulted_move_initializers
    Feature record: CXX_FEATURE:1cxx_delegating_constructors
    Feature record: CXX_FEATURE:1cxx_deleted_functions
    Feature record: CXX_FEATURE:0cxx_digit_separators
    Feature record: CXX_FEATURE:1cxx_enum_forward_declarations
    Feature record: CXX_FEATURE:1cxx_explicit_conversions
    Feature record: CXX_FEATURE:1cxx_extended_friend_declarations
    Feature record: CXX_FEATURE:1cxx_extern_templates
    Feature record: CXX_FEATURE:1cxx_final
    Feature record: CXX_FEATURE:1cxx_func_identifier
    Feature record: CXX_FEATURE:1cxx_generalized_initializers
    Feature record: CXX_FEATURE:0cxx_generic_lambdas
    Feature record: CXX_FEATURE:1cxx_inheriting_constructors
    Feature record: CXX_FEATURE:1cxx_inline_namespaces
    Feature record: CXX_FEATURE:1cxx_lambdas
    Feature record: CXX_FEATURE:0cxx_lambda_init_captures
    Feature record: CXX_FEATURE:1cxx_local_type_template_args
    Feature record: CXX_FEATURE:1cxx_long_long_type
    Feature record: CXX_FEATURE:1cxx_noexcept
    Feature record: CXX_FEATURE:1cxx_nonstatic_member_init
    Feature record: CXX_FEATURE:1cxx_nullptr
    Feature record: CXX_FEATURE:1cxx_override
    Feature record: CXX_FEATURE:1cxx_range_for
    Feature record: CXX_FEATURE:1cxx_raw_string_literals
    Feature record: CXX_FEATURE:1cxx_reference_qualified_functions
    Feature record: CXX_FEATURE:0cxx_relaxed_constexpr
    Feature record: CXX_FEATURE:0cxx_return_type_deduction
    Feature record: CXX_FEATURE:1cxx_right_angle_brackets
    Feature record: CXX_FEATURE:1cxx_rvalue_references
    Feature record: CXX_FEATURE:1cxx_sizeof_member
    Feature record: CXX_FEATURE:1cxx_static_assert
    Feature record: CXX_FEATURE:1cxx_strong_enums
    Feature record: CXX_FEATURE:1cxx_template_template_parameters
    Feature record: CXX_FEATURE:1cxx_thread_local
    Feature record: CXX_FEATURE:1cxx_trailing_return_types
    Feature record: CXX_FEATURE:1cxx_unicode_literals
    Feature record: CXX_FEATURE:1cxx_uniform_initialization
    Feature record: CXX_FEATURE:1cxx_unrestricted_unions
    Feature record: CXX_FEATURE:1cxx_user_literals
    Feature record: CXX_FEATURE:0cxx_variable_templates
    Feature record: CXX_FEATURE:1cxx_variadic_macros
    Feature record: CXX_FEATURE:1cxx_variadic_templates


Detecting CXX [-std=c++98] compiler features compiled with the following output:
Change Dir: /Users/xinyi/Developer/openface/OpenFace/CMakeFiles/CMakeTmp

Run Build Command:"/usr/bin/make" "cmTC_13655/fast"
/Library/Developer/CommandLineTools/usr/bin/make -f CMakeFiles/cmTC_13655.dir/build.make CMakeFiles/cmTC_13655.dir/build
Building CXX object CMakeFiles/cmTC_13655.dir/feature_tests.cxx.o
/Library/Developer/CommandLineTools/usr/bin/c++     -std=c++11 -msse -msse2 -msse3 -DDLIB_PNG_SUPPORT -DDLIB_JPEG_SUPPORT -DDLIB_USE_BLAS -DDLIB_USE_LAPACK    -std=c++98 -o CMakeFiles/cmTC_13655.dir/feature_tests.cxx.o -c /Users/xinyi/Developer/openface/OpenFace/CMakeFiles/feature_tests.cxx
Linking CXX executable cmTC_13655
/usr/local/Cellar/cmake/3.4.1/bin/cmake -E cmake_link_script CMakeFiles/cmTC_13655.dir/link.txt --verbose=1
/Library/Developer/CommandLineTools/usr/bin/c++    -std=c++11 -msse -msse2 -msse3 -DDLIB_PNG_SUPPORT -DDLIB_JPEG_SUPPORT -DDLIB_USE_BLAS -DDLIB_USE_LAPACK  -Wl,-search_paths_first -Wl,-headerpad_max_install_names   CMakeFiles/cmTC_13655.dir/feature_tests.cxx.o  -o cmTC_13655  


    Feature record: CXX_FEATURE:0cxx_aggregate_default_initializers
    Feature record: CXX_FEATURE:0cxx_alias_templates
    Feature record: CXX_FEATURE:0cxx_alignas
    Feature record: CXX_FEATURE:0cxx_alignof
    Feature record: CXX_FEATURE:0cxx_attributes
    Feature record: CXX_FEATURE:0cxx_attribute_deprecated
    Feature record: CXX_FEATURE:0cxx_auto_type
    Feature record: CXX_FEATURE:0cxx_binary_literals
    Feature record: CXX_FEATURE:0cxx_constexpr
    Feature record: CXX_FEATURE:0cxx_contextual_conversions
    Feature record: CXX_FEATURE:0cxx_decltype
    Feature record: CXX_FEATURE:0cxx_decltype_auto
    Feature record: CXX_FEATURE:0cxx_decltype_incomplete_return_types
    Feature record: CXX_FEATURE:0cxx_default_function_template_args
    Feature record: CXX_FEATURE:0cxx_defaulted_functions
    Feature record: CXX_FEATURE:0cxx_defaulted_move_initializers
    Feature record: CXX_FEATURE:0cxx_delegating_constructors
    Feature record: CXX_FEATURE:0cxx_deleted_functions
    Feature record: CXX_FEATURE:0cxx_digit_separators
    Feature record: CXX_FEATURE:0cxx_enum_forward_declarations
    Feature record: CXX_FEATURE:0cxx_explicit_conversions
    Feature record: CXX_FEATURE:0cxx_extended_friend_declarations
    Feature record: CXX_FEATURE:0cxx_extern_templates
    Feature record: CXX_FEATURE:0cxx_final
    Feature record: CXX_FEATURE:0cxx_func_identifier
    Feature record: CXX_FEATURE:0cxx_generalized_initializers
    Feature record: CXX_FEATURE:0cxx_generic_lambdas
    Feature record: CXX_FEATURE:0cxx_inheriting_constructors
    Feature record: CXX_FEATURE:0cxx_inline_namespaces
    Feature record: CXX_FEATURE:0cxx_lambdas
    Feature record: CXX_FEATURE:0cxx_lambda_init_captures
    Feature record: CXX_FEATURE:0cxx_local_type_template_args
    Feature record: CXX_FEATURE:0cxx_long_long_type
    Feature record: CXX_FEATURE:0cxx_noexcept
    Feature record: CXX_FEATURE:0cxx_nonstatic_member_init
    Feature record: CXX_FEATURE:0cxx_nullptr
    Feature record: CXX_FEATURE:0cxx_override
    Feature record: CXX_FEATURE:0cxx_range_for
    Feature record: CXX_FEATURE:0cxx_raw_string_literals
    Feature record: CXX_FEATURE:0cxx_reference_qualified_functions
    Feature record: CXX_FEATURE:0cxx_relaxed_constexpr
    Feature record: CXX_FEATURE:0cxx_return_type_deduction
    Feature record: CXX_FEATURE:0cxx_right_angle_brackets
    Feature record: CXX_FEATURE:0cxx_rvalue_references
    Feature record: CXX_FEATURE:0cxx_sizeof_member
    Feature record: CXX_FEATURE:0cxx_static_assert
    Feature record: CXX_FEATURE:0cxx_strong_enums
    Feature record: CXX_FEATURE:1cxx_template_template_parameters
    Feature record: CXX_FEATURE:0cxx_thread_local
    Feature record: CXX_FEATURE:0cxx_trailing_return_types
    Feature record: CXX_FEATURE:0cxx_unicode_literals
    Feature record: CXX_FEATURE:0cxx_uniform_initialization
    Feature record: CXX_FEATURE:0cxx_unrestricted_unions
    Feature record: CXX_FEATURE:0cxx_user_literals
    Feature record: CXX_FEATURE:0cxx_variable_templates
    Feature record: CXX_FEATURE:0cxx_variadic_macros
    Feature record: CXX_FEATURE:0cxx_variadic_templates
